<?xml version="1.0" encoding="UTF-8"?>
<testsuites>
  <testsuite name="TEST SUITE 4 TEST CASES" timestamp="2021-09-21T22:53:13" time="0.384" tests="6" failures="0" errors="0" skipped="0">
    <properties>
      <property name="specId" value="0"/>
      <property name="suiteName" value="TEST SUITE 4 TEST CASES"/>
      <property name="capabilities" value="chrome.93_0_4577_82.win32"/>
      <property name="file" value=".\test\specs\mySuite4.js"/>
    </properties>
    <testcase classname="chrome.93_0_4577_82.win32.TEST_SUITE_4_TEST_CASES" name="should be able to read data from worksheet" time="0.191"/>
    <testcase classname="chrome.93_0_4577_82.win32.TEST_SUITE_4_TEST_CASES" name="should be able to read multilpe sheets from workbook" time="0.07"/>
    <testcase classname="chrome.93_0_4577_82.win32.TEST_SUITE_4_TEST_CASES" name="should be able to read sheets from multilpe workbooks" time="0.08"/>
    <testcase classname="chrome.93_0_4577_82.win32.TEST_SUITE_4_TEST_CASES" name="should display error message when reading from blank sheet" time="0"/>
    <testcase classname="chrome.93_0_4577_82.win32.TEST_SUITE_4_TEST_CASES" name="should display error message when reading from blank workbook" time="0.002"/>
    <testcase classname="chrome.93_0_4577_82.win32.TEST_SUITE_4_TEST_CASES" name="should display error message when file not found" time="0.001">
      <system-out><![CDATA[
COMMAND: deleteSession - {}
RESULT: undefined
]]></system-out>
    </testcase>
  </testsuite>
</testsuites>