<?xml version="1.0" encoding="UTF-8"?>
<testsuites>
  <testsuite name="TEST SUITE 5 TEST CASES" timestamp="2021-09-17T09:51:38" time="0.405" tests="6" failures="0" errors="0" skipped="0">
    <properties>
      <property name="specId" value="0"/>
      <property name="suiteName" value="TEST SUITE 5 TEST CASES"/>
      <property name="capabilities" value="chromeheadless.93_0_4577_82.win32"/>
      <property name="file" value=".\test\specs\mySuite5.js"/>
    </properties>
    <testcase classname="chromeheadless.93_0_4577_82.win32.TEST_SUITE_5_TEST_CASES" name="should be able to read data from worksheet" time="0.101"/>
    <testcase classname="chromeheadless.93_0_4577_82.win32.TEST_SUITE_5_TEST_CASES" name="should be able to read multilpe sheets from workbook" time="0.062"/>
    <testcase classname="chromeheadless.93_0_4577_82.win32.TEST_SUITE_5_TEST_CASES" name="should be able to read sheets from multilpe workbooks" time="0.094"/>
    <testcase classname="chromeheadless.93_0_4577_82.win32.TEST_SUITE_5_TEST_CASES" name="should display error message when reading from blank sheet" time="0"/>
    <testcase classname="chromeheadless.93_0_4577_82.win32.TEST_SUITE_5_TEST_CASES" name="should display error message when reading from blank workbook" time="0.001"/>
    <testcase classname="chromeheadless.93_0_4577_82.win32.TEST_SUITE_5_TEST_CASES" name="should display error message when file not found" time="0">
      <system-out><![CDATA[
COMMAND: deleteSession - {}
RESULT: undefined
]]></system-out>
    </testcase>
  </testsuite>
</testsuites>