<?xml version="1.0" encoding="UTF-8"?>
<testsuites>
  <testsuite name="TEST READ DATA FROM EXCEL SHEET" timestamp="2021-09-13T23:35:01" time="0.08" tests="6" failures="0" errors="0" skipped="0">
    <properties>
      <property name="specId" value="0"/>
      <property name="suiteName" value="TEST READ DATA FROM EXCEL SHEET"/>
      <property name="capabilities" value="chromeheadless.93_0_4577_63.win32"/>
      <property name="file" value=".\test\specs\read-excel-spec.js"/>
    </properties>
    <testcase classname="chromeheadless.93_0_4577_63.win32.TEST_READ_DATA_FROM_EXCEL_SHEET" name="should be able to read data from worksheet" time="0.036"/>
    <testcase classname="chromeheadless.93_0_4577_63.win32.TEST_READ_DATA_FROM_EXCEL_SHEET" name="should be able to read multilpe sheets from workbook" time="0.011"/>
    <testcase classname="chromeheadless.93_0_4577_63.win32.TEST_READ_DATA_FROM_EXCEL_SHEET" name="should be able to read sheets from multilpe workbooks" time="0.019"/>
    <testcase classname="chromeheadless.93_0_4577_63.win32.TEST_READ_DATA_FROM_EXCEL_SHEET" name="should display error message when reading from blank sheet" time="0"/>
    <testcase classname="chromeheadless.93_0_4577_63.win32.TEST_READ_DATA_FROM_EXCEL_SHEET" name="should display error message when reading from blank workbook" time="0"/>
    <testcase classname="chromeheadless.93_0_4577_63.win32.TEST_READ_DATA_FROM_EXCEL_SHEET" name="should display error message when file not found" time="0">
      <system-out><![CDATA[
COMMAND: deleteSession - {}
RESULT: undefined
]]></system-out>
    </testcase>
  </testsuite>
</testsuites>