<?xml version="1.0" encoding="UTF-8"?>
<testsuites>
  <testsuite name="TEST LOGIN PAGE" timestamp="2022-08-02T21:40:06" time="4.046" tests="1" failures="0" errors="0" skipped="0">
    <properties>
      <property name="specId" value="0"/>
      <property name="suiteName" value="TEST LOGIN PAGE"/>
      <property name="capabilities" value="firefox.88_0.linux"/>
      <property name="file" value="./test/specs/login.spec.js"/>
    </properties>
    <testcase classname="firefox.88_0.linux.TEST_LOGIN_PAGE" name="should allow access with correct creds" time="4.04">
      <system-out><![CDATA[
COMMAND: POST /session/6b5641c1-45ed-4df0-81ab-167f8c0aadf1/element - {"using":"css selector","value":"#Email"}
COMMAND: POST /session/6b5641c1-45ed-4df0-81ab-167f8c0aadf1/url - {"url":"http://demowebshop.tricentis.com/login"}
RESULT: {"using":"css selector","value":"#Email"}
COMMAND: POST /session/6b5641c1-45ed-4df0-81ab-167f8c0aadf1/elements - {"using":"css selector","value":"#Email"}
RESULT: {"url":"http://demowebshop.tricentis.com/login"}
RESULT: {"using":"css selector","value":"#Email"}
COMMAND: POST /session/6b5641c1-45ed-4df0-81ab-167f8c0aadf1/element - {"using":"css selector","value":"#Email"}
RESULT: {"using":"css selector","value":"#Email"}
COMMAND: POST /session/6b5641c1-45ed-4df0-81ab-167f8c0aadf1/element/85609e2e-9bb6-48f7-8ba5-682938fdb09c/clear - {}
RESULT: {}
COMMAND: POST /session/6b5641c1-45ed-4df0-81ab-167f8c0aadf1/element/85609e2e-9bb6-48f7-8ba5-682938fdb09c/value - {"text":"jason.hall@test123.com"}
RESULT: {"text":"jason.hall@test123.com"}
COMMAND: POST /session/6b5641c1-45ed-4df0-81ab-167f8c0aadf1/element - {"using":"css selector","value":"#Password"}
RESULT: {"using":"css selector","value":"#Password"}
COMMAND: POST /session/6b5641c1-45ed-4df0-81ab-167f8c0aadf1/element/3bc1af16-9728-45b6-9cbd-307c0126b4e2/clear - {}
RESULT: {}
COMMAND: POST /session/6b5641c1-45ed-4df0-81ab-167f8c0aadf1/element/3bc1af16-9728-45b6-9cbd-307c0126b4e2/value - {"text":"123456"}
RESULT: {"text":"123456"}
COMMAND: POST /session/6b5641c1-45ed-4df0-81ab-167f8c0aadf1/element - {"using":"xpath","value":"//input[contains(@class,'login-button')]"}
RESULT: {"using":"xpath","value":"//input[contains(@class,'login-button')]"}
COMMAND: POST /session/6b5641c1-45ed-4df0-81ab-167f8c0aadf1/element/6ee7a741-bf5a-4f1c-83c4-1939591e3846/click - {}
RESULT: {}
COMMAND: POST /session/6b5641c1-45ed-4df0-81ab-167f8c0aadf1/element - {"using":"css selector","value":"div .header-links [href='/customer/info']"}
RESULT: {"using":"css selector","value":"div .header-links [href='/customer/info']"}
COMMAND: GET /session/6b5641c1-45ed-4df0-81ab-167f8c0aadf1/element/c2b31000-dc16-4659-974e-c1a40d27fa9f/text - {}
RESULT: {}
COMMAND: POST /session/6b5641c1-45ed-4df0-81ab-167f8c0aadf1/element - {"using":"css selector","value":"div.header-links a[href='/logout']"}
RESULT: {"using":"css selector","value":"div.header-links a[href='/logout']"}
COMMAND: POST /session/6b5641c1-45ed-4df0-81ab-167f8c0aadf1/element/3c5efda0-5ac5-4b24-9597-162ae12d845c/click - {}
RESULT: {}
COMMAND: DELETE /session/6b5641c1-45ed-4df0-81ab-167f8c0aadf1 - {}
RESULT: {}
]]></system-out>
    </testcase>
  </testsuite>
</testsuites>