<?xml version="1.0" encoding="UTF-8"?>
<testsuites>
  <testsuite name="TEST LOGIN PAGE" timestamp="2021-09-09T09:41:25" time="4.517" tests="2" failures="0" errors="0" skipped="0">
    <properties>
      <property name="specId" value="0"/>
      <property name="suiteName" value="TEST LOGIN PAGE"/>
      <property name="capabilities" value="chrome.93_0_4577_63.win32"/>
      <property name="file" value=".\test\specs\login-spec.js"/>
    </properties>
    <testcase classname="chrome.93_0_4577_63.win32.TEST_LOGIN_PAGE" name="should deny access with wrong creds" time="1.989">
      <system-out><![CDATA[
COMMAND: navigateTo - {"url":"http://demowebshop.tricentis.com/login"}
RESULT: undefined
COMMAND: findElement - {"using":"css selector","value":"#Email"}
RESULT: undefined
COMMAND: elementClear - {"elementId":"ELEMENT-1"}
RESULT: undefined
COMMAND: elementSendKeys - {"elementId":"ELEMENT-1","text":"foo@test.com"}
RESULT: undefined
COMMAND: findElement - {"using":"css selector","value":"#Password"}
RESULT: undefined
COMMAND: elementClear - {"elementId":"ELEMENT-2"}
RESULT: undefined
COMMAND: elementSendKeys - {"elementId":"ELEMENT-2","text":"bar"}
RESULT: undefined
COMMAND: findElement - {"using":"css selector","value":".login-button"}
RESULT: undefined
COMMAND: elementClick - {"elementId":"ELEMENT-3"}
RESULT: undefined
COMMAND: findElement - {"using":"css selector","value":"div.message-error span"}
RESULT: undefined
COMMAND: getElementText - {"elementId":"ELEMENT-4"}
RESULT: undefined
]]></system-out>
    </testcase>
    <testcase classname="chrome.93_0_4577_63.win32.TEST_LOGIN_PAGE" name="should allow access with correct creds" time="2.507">
      <system-out><![CDATA[
COMMAND: navigateTo - {"url":"http://demowebshop.tricentis.com/login"}
RESULT: undefined
COMMAND: findElement - {"using":"css selector","value":"#Email"}
RESULT: undefined
COMMAND: elementClear - {"elementId":"ELEMENT-5"}
RESULT: undefined
COMMAND: elementSendKeys - {"elementId":"ELEMENT-5","text":"hjtest@test.com"}
RESULT: undefined
COMMAND: findElement - {"using":"css selector","value":"#Password"}
RESULT: undefined
COMMAND: elementClear - {"elementId":"ELEMENT-6"}
RESULT: undefined
COMMAND: elementSendKeys - {"elementId":"ELEMENT-6","text":"123456"}
RESULT: undefined
COMMAND: findElement - {"using":"css selector","value":".login-button"}
RESULT: undefined
COMMAND: elementClick - {"elementId":"ELEMENT-7"}
RESULT: undefined
COMMAND: findElement - {"using":"css selector","value":"div.header-links ul li:nth-child(1) a"}
RESULT: undefined
COMMAND: getElementText - {"elementId":"ELEMENT-8"}
RESULT: undefined
COMMAND: deleteSession - {}
RESULT: undefined
]]></system-out>
    </testcase>
  </testsuite>
</testsuites>