<?xml version="1.0" encoding="UTF-8"?>
<testsuites>
  <testsuite name="TEST LOGIN PAGE" timestamp="2021-09-01T19:19:50" time="8.351" tests="2" failures="0" errors="0" skipped="0">
    <properties>
      <property name="specId" value="0"/>
      <property name="suiteName" value="TEST LOGIN PAGE"/>
      <property name="capabilities" value="chrome.93_0_4577_63.windows"/>
      <property name="file" value=".\test\specs\login-spec.js"/>
    </properties>
    <testcase classname="chrome.93_0_4577_63.windows.TEST_LOGIN_PAGE" name="should deny access with wrong creds" time="4.939">
      <system-out><![CDATA[
COMMAND: POST /session/d245262092cade70d55e0818f1654781/url - {"url":"http://demowebshop.tricentis.com/login"}
RESULT: {"url":"http://demowebshop.tricentis.com/login"}
COMMAND: POST /session/d245262092cade70d55e0818f1654781/element - {"using":"css selector","value":"#Email"}
RESULT: {"using":"css selector","value":"#Email"}
COMMAND: POST /session/d245262092cade70d55e0818f1654781/element/b1512847-4c85-4ec8-89b1-575d5a00b483/clear - {}
RESULT: {}
COMMAND: POST /session/d245262092cade70d55e0818f1654781/element/b1512847-4c85-4ec8-89b1-575d5a00b483/value - {"text":"foo@test.com"}
RESULT: {"text":"foo@test.com"}
COMMAND: POST /session/d245262092cade70d55e0818f1654781/element - {"using":"css selector","value":"#Password"}
RESULT: {"using":"css selector","value":"#Password"}
COMMAND: POST /session/d245262092cade70d55e0818f1654781/element/7265ef39-d61e-4e07-9ffc-641a0bf0c09a/clear - {}
RESULT: {}
COMMAND: POST /session/d245262092cade70d55e0818f1654781/element/7265ef39-d61e-4e07-9ffc-641a0bf0c09a/value - {"text":"bar"}
RESULT: {"text":"bar"}
COMMAND: POST /session/d245262092cade70d55e0818f1654781/element - {"using":"css selector","value":".login-button"}
RESULT: {"using":"css selector","value":".login-button"}
COMMAND: POST /session/d245262092cade70d55e0818f1654781/element/759ba370-cfe5-4926-88a0-09ca38169a91/click - {}
RESULT: {}
COMMAND: POST /session/d245262092cade70d55e0818f1654781/element - {"using":"css selector","value":"div.message-error span"}
RESULT: {"using":"css selector","value":"div.message-error span"}
COMMAND: GET /session/d245262092cade70d55e0818f1654781/element/13f1eea0-0022-4a2b-bf13-b1cac33281fd/text - {}
RESULT: {}
]]></system-out>
    </testcase>
    <testcase classname="chrome.93_0_4577_63.windows.TEST_LOGIN_PAGE" name="should allow access with correct creds" time="3.402">
      <system-out><![CDATA[
COMMAND: POST /session/d245262092cade70d55e0818f1654781/url - {"url":"http://demowebshop.tricentis.com/login"}
RESULT: {"url":"http://demowebshop.tricentis.com/login"}
COMMAND: POST /session/d245262092cade70d55e0818f1654781/element - {"using":"css selector","value":"#Email"}
RESULT: {"using":"css selector","value":"#Email"}
COMMAND: POST /session/d245262092cade70d55e0818f1654781/element/674a7323-6d06-4e79-86b9-a0c80dedbd0d/clear - {}
RESULT: {}
COMMAND: POST /session/d245262092cade70d55e0818f1654781/element/674a7323-6d06-4e79-86b9-a0c80dedbd0d/value - {"text":"hjtest@test.com"}
RESULT: {"text":"hjtest@test.com"}
COMMAND: POST /session/d245262092cade70d55e0818f1654781/element - {"using":"css selector","value":"#Password"}
RESULT: {"using":"css selector","value":"#Password"}
COMMAND: POST /session/d245262092cade70d55e0818f1654781/element/89a3e89a-05de-4daf-a6ed-63f5e0d4754e/clear - {}
RESULT: {}
COMMAND: POST /session/d245262092cade70d55e0818f1654781/element/89a3e89a-05de-4daf-a6ed-63f5e0d4754e/value - {"text":"123456"}
RESULT: {"text":"123456"}
COMMAND: POST /session/d245262092cade70d55e0818f1654781/element - {"using":"css selector","value":".login-button"}
RESULT: {"using":"css selector","value":".login-button"}
COMMAND: POST /session/d245262092cade70d55e0818f1654781/element/5d5de113-ee8c-4443-9465-392d19fe8a27/click - {}
RESULT: {}
COMMAND: POST /session/d245262092cade70d55e0818f1654781/element - {"using":"css selector","value":"div.header-links ul li:nth-child(1) a"}
RESULT: {"using":"css selector","value":"div.header-links ul li:nth-child(1) a"}
COMMAND: GET /session/d245262092cade70d55e0818f1654781/element/77541433-c8eb-4d70-9e39-9d7fac8131b5/text - {}
RESULT: {}
COMMAND: GET /session/d245262092cade70d55e0818f1654781/se/log/types - {}
RESULT: {}
COMMAND: POST /session/d245262092cade70d55e0818f1654781/se/log - {"type":"driver"}
COMMAND: POST /session/d245262092cade70d55e0818f1654781/se/log - {"type":"browser"}
RESULT: {"type":"driver"}
RESULT: {"type":"browser"}
COMMAND: DELETE /session/d245262092cade70d55e0818f1654781 - {}
RESULT: {}
]]></system-out>
    </testcase>
  </testsuite>
</testsuites>